{"C:\\Git\\contrast\\stocks\\src\\components\\index.ts": {"path":"C:\\Git\\contrast\\stocks\\src\\components\\index.ts","statementMap":{},"fnMap":{},"branchMap":{},"s":{},"f":{},"b":{},"_coverageSchema":"1a1c01bbd47fc00a2c39e90264f33305004495a9","hash":"257e3028460828d05f4cb736af4ab7c281076fde"}
,"C:\\Git\\contrast\\stocks\\src\\components\\Autocomplete\\Autocomplete.tsx": {"path":"C:\\Git\\contrast\\stocks\\src\\components\\Autocomplete\\Autocomplete.tsx","statementMap":{"0":{"start":{"line":13,"column":28},"end":{"line":80,"column":1}},"1":{"start":{"line":14,"column":21},"end":{"line":14,"column":38}},"2":{"start":{"line":15,"column":22},"end":{"line":15,"column":60}},"3":{"start":{"line":16,"column":16},"end":{"line":16,"column":54}},"4":{"start":{"line":17,"column":44},"end":{"line":17,"column":58}},"5":{"start":{"line":19,"column":28},"end":{"line":25,"column":3}},"6":{"start":{"line":20,"column":4},"end":{"line":24,"column":6}},"7":{"start":{"line":27,"column":23},"end":{"line":58,"column":3}},"8":{"start":{"line":28,"column":32},"end":{"line":32,"column":5}},"9":{"start":{"line":33,"column":20},"end":{"line":42,"column":5}},"10":{"start":{"line":43,"column":31},"end":{"line":46,"column":5}},"11":{"start":{"line":48,"column":22},"end":{"line":48,"column":48}},"12":{"start":{"line":49,"column":25},"end":{"line":49,"column":40}},"13":{"start":{"line":51,"column":6},"end":{"line":51,"column":50}},"14":{"start":{"line":53,"column":35},"end":{"line":57,"column":5}},"15":{"start":{"line":60,"column":2},"end":{"line":79,"column":4}},"16":{"start":{"line":66,"column":30},"end":{"line":66,"column":47}},"17":{"start":{"line":72,"column":26},"end":{"line":72,"column":34}},"18":{"start":{"line":73,"column":8},"end":{"line":73,"column":33}},"19":{"start":{"line":74,"column":8},"end":{"line":74,"column":31}}},"fnMap":{"0":{"name":"(anonymous_0)","decl":{"start":{"line":13,"column":28},"end":{"line":13,"column":29}},"loc":{"start":{"line":13,"column":69},"end":{"line":80,"column":1}},"line":13},"1":{"name":"(anonymous_1)","decl":{"start":{"line":19,"column":28},"end":{"line":19,"column":29}},"loc":{"start":{"line":19,"column":74},"end":{"line":25,"column":3}},"line":19},"2":{"name":"(anonymous_2)","decl":{"start":{"line":28,"column":12},"end":{"line":28,"column":13}},"loc":{"start":{"line":28,"column":32},"end":{"line":32,"column":5}},"line":28},"3":{"name":"(anonymous_3)","decl":{"start":{"line":33,"column":13},"end":{"line":33,"column":14}},"loc":{"start":{"line":33,"column":20},"end":{"line":42,"column":5}},"line":33},"4":{"name":"(anonymous_4)","decl":{"start":{"line":43,"column":11},"end":{"line":43,"column":12}},"loc":{"start":{"line":43,"column":31},"end":{"line":46,"column":5}},"line":43},"5":{"name":"(anonymous_5)","decl":{"start":{"line":47,"column":17},"end":{"line":47,"column":18}},"loc":{"start":{"line":47,"column":48},"end":{"line":52,"column":5}},"line":47},"6":{"name":"(anonymous_6)","decl":{"start":{"line":53,"column":15},"end":{"line":53,"column":16}},"loc":{"start":{"line":53,"column":35},"end":{"line":57,"column":5}},"line":53},"7":{"name":"(anonymous_7)","decl":{"start":{"line":66,"column":24},"end":{"line":66,"column":25}},"loc":{"start":{"line":66,"column":30},"end":{"line":66,"column":47}},"line":66},"8":{"name":"(anonymous_8)","decl":{"start":{"line":71,"column":16},"end":{"line":71,"column":17}},"loc":{"start":{"line":71,"column":35},"end":{"line":75,"column":7}},"line":71}},"branchMap":{"0":{"loc":{"start":{"line":48,"column":22},"end":{"line":48,"column":48}},"type":"cond-expr","locations":[{"start":{"line":48,"column":41},"end":{"line":48,"column":44}},{"start":{"line":48,"column":47},"end":{"line":48,"column":48}}],"line":48}},"s":{"0":1,"1":0,"2":0,"3":0,"4":0,"5":0,"6":0,"7":0,"8":0,"9":0,"10":0,"11":0,"12":0,"13":0,"14":0,"15":0,"16":0,"17":0,"18":0,"19":0},"f":{"0":0,"1":0,"2":0,"3":0,"4":0,"5":0,"6":0,"7":0,"8":0},"b":{"0":[0,0]},"_coverageSchema":"1a1c01bbd47fc00a2c39e90264f33305004495a9","hash":"134bfc3d3f53a4f4e5c89c9660fac6f178f81be5"}
,"C:\\Git\\contrast\\stocks\\src\\components\\Autocomplete\\index.ts": {"path":"C:\\Git\\contrast\\stocks\\src\\components\\Autocomplete\\index.ts","statementMap":{},"fnMap":{},"branchMap":{},"s":{},"f":{},"b":{},"_coverageSchema":"1a1c01bbd47fc00a2c39e90264f33305004495a9","hash":"0d6a05ace2dfd463b5d5c9060d3c54ae15fd49af"}
,"C:\\Git\\contrast\\stocks\\src\\components\\Layout\\Layout.tsx": {"path":"C:\\Git\\contrast\\stocks\\src\\components\\Layout\\Layout.tsx","statementMap":{"0":{"start":{"line":12,"column":22},"end":{"line":32,"column":1}},"1":{"start":{"line":17,"column":16},"end":{"line":17,"column":32}},"2":{"start":{"line":19,"column":2},"end":{"line":31,"column":4}}},"fnMap":{"0":{"name":"(anonymous_0)","decl":{"start":{"line":12,"column":22},"end":{"line":12,"column":23}},"loc":{"start":{"line":16,"column":19},"end":{"line":32,"column":1}},"line":16}},"branchMap":{},"s":{"0":1,"1":0,"2":0},"f":{"0":0},"b":{},"_coverageSchema":"1a1c01bbd47fc00a2c39e90264f33305004495a9","hash":"e259135ef8a29a1ff11324a4845b5dbf5040abe9"}
,"C:\\Git\\contrast\\stocks\\src\\components\\Layout\\index.ts": {"path":"C:\\Git\\contrast\\stocks\\src\\components\\Layout\\index.ts","statementMap":{},"fnMap":{},"branchMap":{},"s":{},"f":{},"b":{},"_coverageSchema":"1a1c01bbd47fc00a2c39e90264f33305004495a9","hash":"095a741ca5a56f0ef1a36306afa37f4d9c3d7e9f"}
,"C:\\Git\\contrast\\stocks\\src\\components\\Layout\\useLayout.ts": {"path":"C:\\Git\\contrast\\stocks\\src\\components\\Layout\\useLayout.ts","statementMap":{"0":{"start":{"line":8,"column":25},"end":{"line":20,"column":1}},"1":{"start":{"line":9,"column":26},"end":{"line":9,"column":46}},"2":{"start":{"line":11,"column":27},"end":{"line":14,"column":3}},"3":{"start":{"line":12,"column":4},"end":{"line":12,"column":49}},"4":{"start":{"line":12,"column":29},"end":{"line":12,"column":49}},"5":{"start":{"line":13,"column":4},"end":{"line":13,"column":49}},"6":{"start":{"line":13,"column":29},"end":{"line":13,"column":49}},"7":{"start":{"line":16,"column":2},"end":{"line":19,"column":4}}},"fnMap":{"0":{"name":"(anonymous_0)","decl":{"start":{"line":8,"column":25},"end":{"line":8,"column":26}},"loc":{"start":{"line":8,"column":31},"end":{"line":20,"column":1}},"line":8},"1":{"name":"(anonymous_1)","decl":{"start":{"line":11,"column":27},"end":{"line":11,"column":28}},"loc":{"start":{"line":11,"column":33},"end":{"line":14,"column":3}},"line":11}},"branchMap":{"0":{"loc":{"start":{"line":12,"column":4},"end":{"line":12,"column":49}},"type":"if","locations":[{"start":{"line":12,"column":4},"end":{"line":12,"column":49}},{"start":{},"end":{}}],"line":12},"1":{"loc":{"start":{"line":13,"column":4},"end":{"line":13,"column":49}},"type":"if","locations":[{"start":{"line":13,"column":4},"end":{"line":13,"column":49}},{"start":{},"end":{}}],"line":13}},"s":{"0":1,"1":0,"2":0,"3":0,"4":0,"5":0,"6":0,"7":0},"f":{"0":0,"1":0},"b":{"0":[0,0],"1":[0,0]},"_coverageSchema":"1a1c01bbd47fc00a2c39e90264f33305004495a9","hash":"0fbc00c100e7890f4d00fd4d53661d3bcd450e8a"}
,"C:\\Git\\contrast\\stocks\\src\\components\\Layout\\useLayoutTheme.ts": {"path":"C:\\Git\\contrast\\stocks\\src\\components\\Layout\\useLayoutTheme.ts","statementMap":{"0":{"start":{"line":12,"column":30},"end":{"line":30,"column":1}},"1":{"start":{"line":13,"column":41},"end":{"line":13,"column":55}},"2":{"start":{"line":14,"column":13},"end":{"line":14,"column":51}},"3":{"start":{"line":15,"column":16},"end":{"line":15,"column":54}},"4":{"start":{"line":16,"column":26},"end":{"line":19,"column":3}},"5":{"start":{"line":20,"column":25},"end":{"line":20,"column":62}},"6":{"start":{"line":22,"column":2},"end":{"line":29,"column":4}}},"fnMap":{"0":{"name":"(anonymous_0)","decl":{"start":{"line":12,"column":30},"end":{"line":12,"column":31}},"loc":{"start":{"line":12,"column":49},"end":{"line":30,"column":1}},"line":12}},"branchMap":{},"s":{"0":1,"1":1,"2":1,"3":1,"4":1,"5":1,"6":1},"f":{"0":1},"b":{},"_coverageSchema":"1a1c01bbd47fc00a2c39e90264f33305004495a9","hash":"0ba3dc97a4d3188646a92792de50079abae4e3c2"}
,"C:\\Git\\contrast\\stocks\\src\\components\\Logo\\Logo.tsx": {"path":"C:\\Git\\contrast\\stocks\\src\\components\\Logo\\Logo.tsx","statementMap":{"0":{"start":{"line":8,"column":20},"end":{"line":54,"column":1}},"1":{"start":{"line":9,"column":2},"end":{"line":53,"column":4}}},"fnMap":{"0":{"name":"(anonymous_0)","decl":{"start":{"line":8,"column":20},"end":{"line":8,"column":21}},"loc":{"start":{"line":8,"column":78},"end":{"line":54,"column":1}},"line":8}},"branchMap":{"0":{"loc":{"start":{"line":8,"column":23},"end":{"line":8,"column":37}},"type":"default-arg","locations":[{"start":{"line":8,"column":30},"end":{"line":8,"column":37}}],"line":8},"1":{"loc":{"start":{"line":8,"column":39},"end":{"line":8,"column":60}},"type":"default-arg","locations":[{"start":{"line":8,"column":55},"end":{"line":8,"column":60}}],"line":8},"2":{"loc":{"start":{"line":13,"column":13},"end":{"line":13,"column":44}},"type":"cond-expr","locations":[{"start":{"line":13,"column":29},"end":{"line":13,"column":35}},{"start":{"line":13,"column":38},"end":{"line":13,"column":44}}],"line":13},"3":{"loc":{"start":{"line":14,"column":14},"end":{"line":14,"column":45}},"type":"cond-expr","locations":[{"start":{"line":14,"column":30},"end":{"line":14,"column":36}},{"start":{"line":14,"column":39},"end":{"line":14,"column":45}}],"line":14},"4":{"loc":{"start":{"line":36,"column":22},"end":{"line":36,"column":54}},"type":"cond-expr","locations":[{"start":{"line":36,"column":38},"end":{"line":36,"column":42}},{"start":{"line":36,"column":45},"end":{"line":36,"column":54}}],"line":36},"5":{"loc":{"start":{"line":41,"column":22},"end":{"line":41,"column":54}},"type":"cond-expr","locations":[{"start":{"line":41,"column":38},"end":{"line":41,"column":42}},{"start":{"line":41,"column":45},"end":{"line":41,"column":54}}],"line":41},"6":{"loc":{"start":{"line":46,"column":22},"end":{"line":46,"column":54}},"type":"cond-expr","locations":[{"start":{"line":46,"column":38},"end":{"line":46,"column":42}},{"start":{"line":46,"column":45},"end":{"line":46,"column":54}}],"line":46}},"s":{"0":1,"1":1},"f":{"0":1},"b":{"0":[1],"1":[1],"2":[0,1],"3":[0,1],"4":[0,1],"5":[0,1],"6":[0,1]},"_coverageSchema":"1a1c01bbd47fc00a2c39e90264f33305004495a9","hash":"2847729fdf86b465a91011f986eaa125e9b43cc2"}
,"C:\\Git\\contrast\\stocks\\src\\components\\Logo\\index.ts": {"path":"C:\\Git\\contrast\\stocks\\src\\components\\Logo\\index.ts","statementMap":{},"fnMap":{},"branchMap":{},"s":{},"f":{},"b":{},"_coverageSchema":"1a1c01bbd47fc00a2c39e90264f33305004495a9","hash":"516c9303ddf890d418f9d27aae9685e69058121c"}
,"C:\\Git\\contrast\\stocks\\src\\components\\NavBar\\NavBar.tsx": {"path":"C:\\Git\\contrast\\stocks\\src\\components\\NavBar\\NavBar.tsx","statementMap":{"0":{"start":{"line":10,"column":22},"end":{"line":36,"column":1}},"1":{"start":{"line":11,"column":2},"end":{"line":35,"column":4}}},"fnMap":{"0":{"name":"(anonymous_0)","decl":{"start":{"line":10,"column":22},"end":{"line":10,"column":23}},"loc":{"start":{"line":10,"column":50},"end":{"line":36,"column":1}},"line":10}},"branchMap":{"0":{"loc":{"start":{"line":31,"column":11},"end":{"line":31,"column":73}},"type":"cond-expr","locations":[{"start":{"line":31,"column":41},"end":{"line":31,"column":55}},{"start":{"line":31,"column":58},"end":{"line":31,"column":73}}],"line":31}},"s":{"0":1,"1":1},"f":{"0":1},"b":{"0":[0,1]},"_coverageSchema":"1a1c01bbd47fc00a2c39e90264f33305004495a9","hash":"7362f3b87f1c2942e49bb76ad1f59df2f73333ce"}
,"C:\\Git\\contrast\\stocks\\src\\components\\NavBar\\index.ts": {"path":"C:\\Git\\contrast\\stocks\\src\\components\\NavBar\\index.ts","statementMap":{},"fnMap":{},"branchMap":{},"s":{},"f":{},"b":{},"_coverageSchema":"1a1c01bbd47fc00a2c39e90264f33305004495a9","hash":"ad9f2e3b2e845f416e21b93e1b0bea16829c8263"}
,"C:\\Git\\contrast\\stocks\\src\\components\\TabBar\\TabBar.tsx": {"path":"C:\\Git\\contrast\\stocks\\src\\components\\TabBar\\TabBar.tsx","statementMap":{"0":{"start":{"line":13,"column":22},"end":{"line":104,"column":1}},"1":{"start":{"line":18,"column":20},"end":{"line":18,"column":48}},"2":{"start":{"line":19,"column":19},"end":{"line":19,"column":33}},"3":{"start":{"line":21,"column":2},"end":{"line":24,"column":9}},"4":{"start":{"line":22,"column":4},"end":{"line":22,"column":52}},"5":{"start":{"line":23,"column":4},"end":{"line":23,"column":68}},"6":{"start":{"line":23,"column":17},"end":{"line":23,"column":67}},"7":{"start":{"line":26,"column":23},"end":{"line":36,"column":3}},"8":{"start":{"line":27,"column":4},"end":{"line":35,"column":5}},"9":{"start":{"line":28,"column":28},"end":{"line":28,"column":45}},"10":{"start":{"line":29,"column":6},"end":{"line":31,"column":7}},"11":{"start":{"line":30,"column":8},"end":{"line":30,"column":34}},"12":{"start":{"line":32,"column":6},"end":{"line":34,"column":7}},"13":{"start":{"line":33,"column":8},"end":{"line":33,"column":33}},"14":{"start":{"line":38,"column":2},"end":{"line":103,"column":4}}},"fnMap":{"0":{"name":"(anonymous_0)","decl":{"start":{"line":13,"column":22},"end":{"line":13,"column":23}},"loc":{"start":{"line":17,"column":19},"end":{"line":104,"column":1}},"line":17},"1":{"name":"(anonymous_1)","decl":{"start":{"line":21,"column":12},"end":{"line":21,"column":13}},"loc":{"start":{"line":21,"column":18},"end":{"line":24,"column":3}},"line":21},"2":{"name":"(anonymous_2)","decl":{"start":{"line":23,"column":11},"end":{"line":23,"column":12}},"loc":{"start":{"line":23,"column":17},"end":{"line":23,"column":67}},"line":23},"3":{"name":"(anonymous_3)","decl":{"start":{"line":26,"column":23},"end":{"line":26,"column":24}},"loc":{"start":{"line":26,"column":29},"end":{"line":36,"column":3}},"line":26}},"branchMap":{"0":{"loc":{"start":{"line":27,"column":4},"end":{"line":35,"column":5}},"type":"if","locations":[{"start":{"line":27,"column":4},"end":{"line":35,"column":5}},{"start":{},"end":{}}],"line":27},"1":{"loc":{"start":{"line":29,"column":6},"end":{"line":31,"column":7}},"type":"if","locations":[{"start":{"line":29,"column":6},"end":{"line":31,"column":7}},{"start":{},"end":{}}],"line":29},"2":{"loc":{"start":{"line":32,"column":6},"end":{"line":34,"column":7}},"type":"if","locations":[{"start":{"line":32,"column":6},"end":{"line":34,"column":7}},{"start":{},"end":{}}],"line":32}},"s":{"0":1,"1":0,"2":0,"3":0,"4":0,"5":0,"6":0,"7":0,"8":0,"9":0,"10":0,"11":0,"12":0,"13":0,"14":0},"f":{"0":0,"1":0,"2":0,"3":0},"b":{"0":[0,0],"1":[0,0],"2":[0,0]},"_coverageSchema":"1a1c01bbd47fc00a2c39e90264f33305004495a9","hash":"350753d4756a462475a2b8ffcaf2e05d203157c6"}
,"C:\\Git\\contrast\\stocks\\src\\components\\TabBar\\index.ts": {"path":"C:\\Git\\contrast\\stocks\\src\\components\\TabBar\\index.ts","statementMap":{},"fnMap":{},"branchMap":{},"s":{},"f":{},"b":{},"_coverageSchema":"1a1c01bbd47fc00a2c39e90264f33305004495a9","hash":"4ae31df4fd85eb6cccef6d063e85351c6b053701"}
,"C:\\Git\\contrast\\stocks\\src\\services\\index.ts": {"path":"C:\\Git\\contrast\\stocks\\src\\services\\index.ts","statementMap":{},"fnMap":{},"branchMap":{},"s":{},"f":{},"b":{},"_coverageSchema":"1a1c01bbd47fc00a2c39e90264f33305004495a9","hash":"eccdca265a6111f4a039db0b0312a481833ea953"}
,"C:\\Git\\contrast\\stocks\\src\\services\\api\\constants.ts": {"path":"C:\\Git\\contrast\\stocks\\src\\services\\api\\constants.ts","statementMap":{"0":{"start":{"line":1,"column":24},"end":{"line":1,"column":53}},"1":{"start":{"line":2,"column":32},"end":{"line":2,"column":38}}},"fnMap":{},"branchMap":{},"s":{"0":1,"1":1},"f":{},"b":{},"_coverageSchema":"1a1c01bbd47fc00a2c39e90264f33305004495a9","hash":"c0a951760b60e2ae96d60f75b447ecdc61f5d300"}
,"C:\\Git\\contrast\\stocks\\src\\services\\api\\index.ts": {"path":"C:\\Git\\contrast\\stocks\\src\\services\\api\\index.ts","statementMap":{},"fnMap":{},"branchMap":{},"s":{},"f":{},"b":{},"_coverageSchema":"1a1c01bbd47fc00a2c39e90264f33305004495a9","hash":"9261689fca79e556cd6487e09345f7c0494d4ca3"}
,"C:\\Git\\contrast\\stocks\\src\\services\\api\\models.ts": {"path":"C:\\Git\\contrast\\stocks\\src\\services\\api\\models.ts","statementMap":{},"fnMap":{},"branchMap":{},"s":{},"f":{},"b":{},"_coverageSchema":"1a1c01bbd47fc00a2c39e90264f33305004495a9","hash":"a0e4c39f4b0f71db5446d7af401e77509430ded2"}
,"C:\\Git\\contrast\\stocks\\src\\services\\api\\useAlphaVantage.ts": {"path":"C:\\Git\\contrast\\stocks\\src\\services\\api\\useAlphaVantage.ts","statementMap":{"0":{"start":{"line":12,"column":31},"end":{"line":94,"column":1}},"1":{"start":{"line":13,"column":16},"end":{"line":13,"column":26}},"2":{"start":{"line":14,"column":18},"end":{"line":14,"column":66}},"3":{"start":{"line":16,"column":17},"end":{"line":40,"column":3}},"4":{"start":{"line":17,"column":4},"end":{"line":39,"column":5}},"5":{"start":{"line":18,"column":50},"end":{"line":20,"column":7}},"6":{"start":{"line":21,"column":6},"end":{"line":22,"column":55}},"7":{"start":{"line":22,"column":8},"end":{"line":22,"column":55}},"8":{"start":{"line":23,"column":6},"end":{"line":23,"column":70}},"9":{"start":{"line":23,"column":29},"end":{"line":23,"column":70}},"10":{"start":{"line":25,"column":6},"end":{"line":28,"column":10}},"11":{"start":{"line":25,"column":52},"end":{"line":28,"column":7}},"12":{"start":{"line":30,"column":6},"end":{"line":36,"column":9}},"13":{"start":{"line":37,"column":6},"end":{"line":37,"column":25}},"14":{"start":{"line":38,"column":6},"end":{"line":38,"column":16}},"15":{"start":{"line":42,"column":16},"end":{"line":88,"column":3}},"16":{"start":{"line":43,"column":4},"end":{"line":87,"column":5}},"17":{"start":{"line":47,"column":40},"end":{"line":49,"column":7}},"18":{"start":{"line":50,"column":6},"end":{"line":51,"column":55}},"19":{"start":{"line":51,"column":8},"end":{"line":51,"column":55}},"20":{"start":{"line":52,"column":6},"end":{"line":52,"column":73}},"21":{"start":{"line":52,"column":32},"end":{"line":52,"column":73}},"22":{"start":{"line":57,"column":37},"end":{"line":59,"column":7}},"23":{"start":{"line":60,"column":6},"end":{"line":60,"column":78}},"24":{"start":{"line":60,"column":31},"end":{"line":60,"column":78}},"25":{"start":{"line":61,"column":6},"end":{"line":61,"column":70}},"26":{"start":{"line":61,"column":29},"end":{"line":61,"column":70}},"27":{"start":{"line":63,"column":6},"end":{"line":76,"column":8}},"28":{"start":{"line":78,"column":6},"end":{"line":84,"column":9}},"29":{"start":{"line":85,"column":6},"end":{"line":85,"column":25}},"30":{"start":{"line":86,"column":6},"end":{"line":86,"column":23}},"31":{"start":{"line":90,"column":2},"end":{"line":93,"column":4}}},"fnMap":{"0":{"name":"(anonymous_0)","decl":{"start":{"line":12,"column":31},"end":{"line":12,"column":32}},"loc":{"start":{"line":12,"column":37},"end":{"line":94,"column":1}},"line":12},"1":{"name":"(anonymous_1)","decl":{"start":{"line":16,"column":17},"end":{"line":16,"column":18}},"loc":{"start":{"line":16,"column":74},"end":{"line":40,"column":3}},"line":16},"2":{"name":"(anonymous_2)","decl":{"start":{"line":25,"column":42},"end":{"line":25,"column":43}},"loc":{"start":{"line":25,"column":52},"end":{"line":28,"column":7}},"line":25},"3":{"name":"(anonymous_3)","decl":{"start":{"line":42,"column":16},"end":{"line":42,"column":17}},"loc":{"start":{"line":42,"column":78},"end":{"line":88,"column":3}},"line":42}},"branchMap":{"0":{"loc":{"start":{"line":14,"column":18},"end":{"line":14,"column":66}},"type":"binary-expr","locations":[{"start":{"line":14,"column":18},"end":{"line":14,"column":46}},{"start":{"line":14,"column":50},"end":{"line":14,"column":66}}],"line":14},"1":{"loc":{"start":{"line":21,"column":6},"end":{"line":22,"column":55}},"type":"if","locations":[{"start":{"line":21,"column":6},"end":{"line":22,"column":55}},{"start":{},"end":{}}],"line":21},"2":{"loc":{"start":{"line":23,"column":6},"end":{"line":23,"column":70}},"type":"if","locations":[{"start":{"line":23,"column":6},"end":{"line":23,"column":70}},{"start":{},"end":{}}],"line":23},"3":{"loc":{"start":{"line":50,"column":6},"end":{"line":51,"column":55}},"type":"if","locations":[{"start":{"line":50,"column":6},"end":{"line":51,"column":55}},{"start":{},"end":{}}],"line":50},"4":{"loc":{"start":{"line":52,"column":6},"end":{"line":52,"column":73}},"type":"if","locations":[{"start":{"line":52,"column":6},"end":{"line":52,"column":73}},{"start":{},"end":{}}],"line":52},"5":{"loc":{"start":{"line":60,"column":6},"end":{"line":60,"column":78}},"type":"if","locations":[{"start":{"line":60,"column":6},"end":{"line":60,"column":78}},{"start":{},"end":{}}],"line":60},"6":{"loc":{"start":{"line":61,"column":6},"end":{"line":61,"column":70}},"type":"if","locations":[{"start":{"line":61,"column":6},"end":{"line":61,"column":70}},{"start":{},"end":{}}],"line":61}},"s":{"0":1,"1":0,"2":0,"3":0,"4":0,"5":0,"6":0,"7":0,"8":0,"9":0,"10":0,"11":0,"12":0,"13":0,"14":0,"15":0,"16":0,"17":0,"18":0,"19":0,"20":0,"21":0,"22":0,"23":0,"24":0,"25":0,"26":0,"27":0,"28":0,"29":0,"30":0,"31":0},"f":{"0":0,"1":0,"2":0,"3":0},"b":{"0":[0,0],"1":[0,0],"2":[0,0],"3":[0,0],"4":[0,0],"5":[0,0],"6":[0,0]},"_coverageSchema":"1a1c01bbd47fc00a2c39e90264f33305004495a9","hash":"6c07c11566c382395b18d209c84222ae0b985cf7"}
,"C:\\Git\\contrast\\stocks\\src\\views\\index.ts": {"path":"C:\\Git\\contrast\\stocks\\src\\views\\index.ts","statementMap":{},"fnMap":{},"branchMap":{},"s":{},"f":{},"b":{},"_coverageSchema":"1a1c01bbd47fc00a2c39e90264f33305004495a9","hash":"a215578acd9eb911655e25f354ec6bd1a89c8872"}
,"C:\\Git\\contrast\\stocks\\src\\views\\models.ts": {"path":"C:\\Git\\contrast\\stocks\\src\\views\\models.ts","statementMap":{},"fnMap":{},"branchMap":{},"s":{},"f":{},"b":{},"_coverageSchema":"1a1c01bbd47fc00a2c39e90264f33305004495a9","hash":"387330c4895728c00c4dd8ec654135487a5eb73d"}
,"C:\\Git\\contrast\\stocks\\src\\views\\CardView\\CardView.tsx": {"path":"C:\\Git\\contrast\\stocks\\src\\views\\CardView\\CardView.tsx","statementMap":{"0":{"start":{"line":20,"column":24},"end":{"line":96,"column":1}},"1":{"start":{"line":21,"column":2},"end":{"line":95,"column":4}},"2":{"start":{"line":32,"column":12},"end":{"line":90,"column":18}},"3":{"start":{"line":35,"column":31},"end":{"line":35,"column":57}}},"fnMap":{"0":{"name":"(anonymous_0)","decl":{"start":{"line":20,"column":24},"end":{"line":20,"column":25}},"loc":{"start":{"line":20,"column":69},"end":{"line":96,"column":1}},"line":20},"1":{"name":"(anonymous_1)","decl":{"start":{"line":31,"column":22},"end":{"line":31,"column":23}},"loc":{"start":{"line":32,"column":12},"end":{"line":90,"column":18}},"line":32},"2":{"name":"(anonymous_2)","decl":{"start":{"line":35,"column":25},"end":{"line":35,"column":26}},"loc":{"start":{"line":35,"column":31},"end":{"line":35,"column":57}},"line":35}},"branchMap":{"0":{"loc":{"start":{"line":23,"column":7},"end":{"line":23,"column":31}},"type":"binary-expr","locations":[{"start":{"line":23,"column":7},"end":{"line":23,"column":14}},{"start":{"line":23,"column":18},"end":{"line":23,"column":31}}],"line":23},"1":{"loc":{"start":{"line":24,"column":7},"end":{"line":93,"column":7}},"type":"binary-expr","locations":[{"start":{"line":24,"column":7},"end":{"line":24,"column":13}},{"start":{"line":25,"column":8},"end":{"line":92,"column":21}}],"line":24},"2":{"loc":{"start":{"line":58,"column":17},"end":{"line":70,"column":17}},"type":"cond-expr","locations":[{"start":{"line":59,"column":18},"end":{"line":63,"column":20}},{"start":{"line":65,"column":18},"end":{"line":69,"column":20}}],"line":58}},"s":{"0":1,"1":4,"2":3,"3":0},"f":{"0":4,"1":3,"2":0},"b":{"0":[4,1],"1":[4,3],"2":[2,1]},"_coverageSchema":"1a1c01bbd47fc00a2c39e90264f33305004495a9","hash":"247f123b75417311dbabf4996122e6db45279486"}
,"C:\\Git\\contrast\\stocks\\src\\views\\CardView\\index.ts": {"path":"C:\\Git\\contrast\\stocks\\src\\views\\CardView\\index.ts","statementMap":{},"fnMap":{},"branchMap":{},"s":{},"f":{},"b":{},"_coverageSchema":"1a1c01bbd47fc00a2c39e90264f33305004495a9","hash":"ae1a762f4ce41f38ae85b8b1c87b209f81f2080c"}
,"C:\\Git\\contrast\\stocks\\src\\views\\EmptyView\\EmptyView.tsx": {"path":"C:\\Git\\contrast\\stocks\\src\\views\\EmptyView\\EmptyView.tsx","statementMap":{"0":{"start":{"line":4,"column":25},"end":{"line":20,"column":1}},"1":{"start":{"line":5,"column":2},"end":{"line":19,"column":4}}},"fnMap":{"0":{"name":"(anonymous_0)","decl":{"start":{"line":4,"column":25},"end":{"line":4,"column":26}},"loc":{"start":{"line":4,"column":31},"end":{"line":20,"column":1}},"line":4}},"branchMap":{},"s":{"0":1,"1":1},"f":{"0":1},"b":{},"_coverageSchema":"1a1c01bbd47fc00a2c39e90264f33305004495a9","hash":"bca8a042e5cea416e3df8f84ddbbf433d766e930"}
,"C:\\Git\\contrast\\stocks\\src\\views\\EmptyView\\index.ts": {"path":"C:\\Git\\contrast\\stocks\\src\\views\\EmptyView\\index.ts","statementMap":{},"fnMap":{},"branchMap":{},"s":{},"f":{},"b":{},"_coverageSchema":"1a1c01bbd47fc00a2c39e90264f33305004495a9","hash":"6f63b346cf7e3275057e7b55987ea6ace99772cc"}
,"C:\\Git\\contrast\\stocks\\src\\views\\ListView\\ListView.tsx": {"path":"C:\\Git\\contrast\\stocks\\src\\views\\ListView\\ListView.tsx","statementMap":{"0":{"start":{"line":21,"column":24},"end":{"line":73,"column":1}},"1":{"start":{"line":22,"column":13},"end":{"line":22,"column":51}},"2":{"start":{"line":23,"column":2},"end":{"line":72,"column":4}},"3":{"start":{"line":47,"column":16},"end":{"line":65,"column":21}},"4":{"start":{"line":63,"column":48},"end":{"line":63,"column":74}}},"fnMap":{"0":{"name":"(anonymous_0)","decl":{"start":{"line":21,"column":24},"end":{"line":21,"column":25}},"loc":{"start":{"line":21,"column":69},"end":{"line":73,"column":1}},"line":21},"1":{"name":"(anonymous_1)","decl":{"start":{"line":46,"column":26},"end":{"line":46,"column":27}},"loc":{"start":{"line":47,"column":16},"end":{"line":65,"column":21}},"line":47},"2":{"name":"(anonymous_2)","decl":{"start":{"line":63,"column":42},"end":{"line":63,"column":43}},"loc":{"start":{"line":63,"column":48},"end":{"line":63,"column":74}},"line":63}},"branchMap":{"0":{"loc":{"start":{"line":25,"column":7},"end":{"line":25,"column":31}},"type":"binary-expr","locations":[{"start":{"line":25,"column":7},"end":{"line":25,"column":14}},{"start":{"line":25,"column":18},"end":{"line":25,"column":31}}],"line":25},"1":{"loc":{"start":{"line":26,"column":7},"end":{"line":70,"column":7}},"type":"binary-expr","locations":[{"start":{"line":26,"column":7},"end":{"line":26,"column":13}},{"start":{"line":27,"column":8},"end":{"line":69,"column":25}}],"line":26},"2":{"loc":{"start":{"line":54,"column":22},"end":{"line":56,"column":35}},"type":"cond-expr","locations":[{"start":{"line":55,"column":26},"end":{"line":55,"column":35}},{"start":{"line":56,"column":26},"end":{"line":56,"column":35}}],"line":54}},"s":{"0":1,"1":0,"2":0,"3":0,"4":0},"f":{"0":0,"1":0,"2":0},"b":{"0":[0,0],"1":[0,0],"2":[0,0]},"_coverageSchema":"1a1c01bbd47fc00a2c39e90264f33305004495a9","hash":"47ad45a7388d211b9a20da72911ca8762cdaba59"}
,"C:\\Git\\contrast\\stocks\\src\\views\\ListView\\index.ts": {"path":"C:\\Git\\contrast\\stocks\\src\\views\\ListView\\index.ts","statementMap":{},"fnMap":{},"branchMap":{},"s":{},"f":{},"b":{},"_coverageSchema":"1a1c01bbd47fc00a2c39e90264f33305004495a9","hash":"f21e0adf2dc653c4802d1c2fec4b47b47ed83e97"}
}
